[debug] [2023-01-13T09:36:53.269Z] ----------------------------------------------------------------------
[debug] [2023-01-13T09:36:53.271Z] Command:       /home/krishna/.nvm/versions/node/v19.2.0/bin/node /home/krishna/.nvm/versions/node/v19.2.0/bin/firebase deploy
[debug] [2023-01-13T09:36:53.271Z] CLI Version:   11.20.0
[debug] [2023-01-13T09:36:53.272Z] Platform:      linux
[debug] [2023-01-13T09:36:53.272Z] Node Version:  v19.2.0
[debug] [2023-01-13T09:36:53.272Z] Time:          Fri Jan 13 2023 15:06:53 GMT+0530 (India Standard Time)
[debug] [2023-01-13T09:36:53.272Z] ----------------------------------------------------------------------
[debug] 
[debug] [2023-01-13T09:36:53.338Z] > command requires scopes: ["email","openid","https://www.googleapis.com/auth/cloudplatformprojects.readonly","https://www.googleapis.com/auth/firebase","https://www.googleapis.com/auth/cloud-platform"]
[debug] [2023-01-13T09:36:53.339Z] > authorizing via signed-in user (vermakrish921@gmail.com)
[debug] [2023-01-13T09:36:53.339Z] [iam] checking project my-portfolio-c9e4d for permissions ["firebase.projects.get","firebasehosting.sites.update"]
[debug] [2023-01-13T09:36:53.341Z] >>> [apiv2][query] POST https://cloudresourcemanager.googleapis.com/v1/projects/my-portfolio-c9e4d:testIamPermissions [none]
[debug] [2023-01-13T09:36:53.341Z] >>> [apiv2][(partial)header] POST https://cloudresourcemanager.googleapis.com/v1/projects/my-portfolio-c9e4d:testIamPermissions x-goog-quota-user=projects/my-portfolio-c9e4d
[debug] [2023-01-13T09:36:53.341Z] >>> [apiv2][body] POST https://cloudresourcemanager.googleapis.com/v1/projects/my-portfolio-c9e4d:testIamPermissions {"permissions":["firebase.projects.get","firebasehosting.sites.update"]}
[debug] [2023-01-13T09:36:55.954Z] <<< [apiv2][status] POST https://cloudresourcemanager.googleapis.com/v1/projects/my-portfolio-c9e4d:testIamPermissions 200
[debug] [2023-01-13T09:36:55.955Z] <<< [apiv2][body] POST https://cloudresourcemanager.googleapis.com/v1/projects/my-portfolio-c9e4d:testIamPermissions {"permissions":["firebase.projects.get","firebasehosting.sites.update"]}
[debug] [2023-01-13T09:36:55.956Z] >>> [apiv2][query] GET https://firebase.googleapis.com/v1beta1/projects/my-portfolio-c9e4d [none]
[debug] [2023-01-13T09:36:56.964Z] <<< [apiv2][status] GET https://firebase.googleapis.com/v1beta1/projects/my-portfolio-c9e4d 200
[debug] [2023-01-13T09:36:56.964Z] <<< [apiv2][body] GET https://firebase.googleapis.com/v1beta1/projects/my-portfolio-c9e4d {"projectId":"my-portfolio-c9e4d","projectNumber":"835324884875","displayName":"my-portfolio","name":"projects/my-portfolio-c9e4d","resources":{"hostingSite":"my-portfolio-c9e4d"},"state":"ACTIVE","etag":"1_59ae0b62-8880-477e-83e6-d1565d339d44"}
[debug] [2023-01-13T09:36:58.817Z] defaultcredentials: writing to file /home/krishna/.config/firebase/vermakrish921_gmail_com_application_default_credentials.json
[debug] [2023-01-13T09:37:22.735Z] Error: ENOENT: no such file or directory, open '/home/krishna/Desktop/my_portfolio-master/.next/server/middleware-manifest.json'
[error] 
[error] Error: An unexpected error has occurred.
